[GIN-debug] GET    /                         --> main.main.func2 (4 handlers)
[GIN-debug] GET    /profile                  --> main.main.func3 (4 handlers)
[GIN-debug] GET    /error                    --> main.main.func4 (4 handlers)
[GIN-debug] Listening and serving HTTP on :82
Count : 1::1 - [Thu, 09 Sep 2021 23:47:38 +07] "GET /profile HTTP/1.1 200 %!s(int=200) "749.5µs"Mozilla/5.0 (Windows NT 10.0; Win64; x64) AppleWebKit/537.36 (KHTML, like Gecko) Chrome/93.0.4577.63 Safari/537.36"
%!(EXTRA string=)Count : 2::1 - [Thu, 09 Sep 2021 23:47:39 +07] "GET /profile HTTP/1.1 200 %!s(int=200) "7.8897ms"Mozilla/5.0 (Windows NT 10.0; Win64; x64) AppleWebKit/537.36 (KHTML, like Gecko) Chrome/93.0.4577.63 Safari/537.36"
%!(EXTRA string=)Count : 3::1 - [Thu, 09 Sep 2021 23:47:40 +07] "GET /profile HTTP/1.1 200 %!s(int=200) "3.1973ms"Mozilla/5.0 (Windows NT 10.0; Win64; x64) AppleWebKit/537.36 (KHTML, like Gecko) Chrome/93.0.4577.63 Safari/537.36"
%!(EXTRA string=)[GIN-debug] GET    /                         --> main.main.func2 (4 handlers)
[GIN-debug] GET    /profile                  --> main.main.func3 (4 handlers)
[GIN-debug] GET    /error                    --> main.main.func4 (4 handlers)
[GIN-debug] Listening and serving HTTP on :82
Count : 1::1 - [Thu, 09 Sep 2021 23:51:09 +07] "GET /profile HTTP/1.1 200 %!s(int=200) "0s" Mozilla/5.0 (Windows NT 10.0; Win64; x64) AppleWebKit/537.36 (KHTML, like Gecko) Chrome/93.0.4577.63 Safari/537.36"
%!(EXTRA string=)Count : 2::1 - [Thu, 09 Sep 2021 23:51:10 +07] "GET /profile HTTP/1.1 200 %!s(int=200) "0s" Mozilla/5.0 (Windows NT 10.0; Win64; x64) AppleWebKit/537.36 (KHTML, like Gecko) Chrome/93.0.4577.63 Safari/537.36"
%!(EXTRA string=)Count : 3::1 - [Thu, 09 Sep 2021 23:51:10 +07] "GET /profile HTTP/1.1 200 %!s(int=200) "4.7822ms" Mozilla/5.0 (Windows NT 10.0; Win64; x64) AppleWebKit/537.36 (KHTML, like Gecko) Chrome/93.0.4577.63 Safari/537.36"
%!(EXTRA string=)Count : 4::1 - [Thu, 09 Sep 2021 23:51:11 +07] "GET /profile HTTP/1.1 200 %!s(int=200) "0s" Mozilla/5.0 (Windows NT 10.0; Win64; x64) AppleWebKit/537.36 (KHTML, like Gecko) Chrome/93.0.4577.63 Safari/537.36"
%!(EXTRA string=)[GIN-debug] GET    /                         --> main.main.func1 (4 handlers)
[GIN-debug] GET    /profile                  --> main.main.func2 (4 handlers)
[GIN-debug] GET    /error                    --> main.main.func3 (4 handlers)
[GIN-debug] Listening and serving HTTP on :82
Count : 1Count : 2Count : 3Count : 4Count : 5